Mon Feb 04 16:00:40 EET 2019 Thread[main,5,main] Cleanup action starting
java.sql.SQLException: Failed to start database 'C:/Users/ville.susi/git/YTJTool/YTJTool/YTJToolDB?characterEncoding=utf8' with class loader sun.misc.Launcher$AppClassLoader@73d16e93, see the next exception for details.
	at org.apache.derby.impl.jdbc.SQLExceptionFactory.getSQLException(Unknown Source)
	at org.apache.derby.impl.jdbc.SQLExceptionFactory.getSQLException(Unknown Source)
	at org.apache.derby.impl.jdbc.Util.seeNextException(Unknown Source)
	at org.apache.derby.impl.jdbc.EmbedConnection.bootDatabase(Unknown Source)
	at org.apache.derby.impl.jdbc.EmbedConnection.<init>(Unknown Source)
	at org.apache.derby.jdbc.InternalDriver$1.run(Unknown Source)
	at org.apache.derby.jdbc.InternalDriver$1.run(Unknown Source)
	at java.security.AccessController.doPrivileged(Native Method)
	at org.apache.derby.jdbc.InternalDriver.getNewEmbedConnection(Unknown Source)
	at org.apache.derby.jdbc.InternalDriver.connect(Unknown Source)
	at org.apache.derby.jdbc.InternalDriver.connect(Unknown Source)
	at org.apache.derby.jdbc.AutoloadedDriver.connect(Unknown Source)
	at java.sql.DriverManager.getConnection(DriverManager.java:664)
	at java.sql.DriverManager.getConnection(DriverManager.java:270)
	at com.ytjtool.db.DerbyDAOFactory.createConnection(DerbyDAOFactory.java:35)
	at com.ytjtool.db.DerbyCompanyDAO.removeAll(DerbyCompanyDAO.java:284)
	at com.ytjtool.control.YTJTool.findCompanyDetails(YTJTool.java:28)
	at com.ytjtool.control.YTJTool.main(YTJTool.java:21)
Caused by: ERROR XJ040: Failed to start database 'C:/Users/ville.susi/git/YTJTool/YTJTool/YTJToolDB?characterEncoding=utf8' with class loader sun.misc.Launcher$AppClassLoader@73d16e93, see the next exception for details.
	at org.apache.derby.iapi.error.StandardException.newException(Unknown Source)
	at org.apache.derby.impl.jdbc.SQLExceptionFactory.wrapArgsForTransportAcrossDRDA(Unknown Source)
	... 18 more
Caused by: java.io.IOException: Invalid argument
	at java.io.WinNTFileSystem.canonicalize0(Native Method)
	at java.io.WinNTFileSystem.canonicalize(WinNTFileSystem.java:428)
	at java.io.File.getCanonicalPath(File.java:618)
	at org.apache.derby.impl.io.DirStorageFactory.doInit(Unknown Source)
	at org.apache.derby.impl.io.BaseStorageFactory.init(Unknown Source)
	at org.apache.derby.impl.io.DirStorageFactory.init(Unknown Source)
	at org.apache.derby.impl.services.monitor.StorageFactoryService.privGetStorageFactoryInstance(Unknown Source)
	at org.apache.derby.impl.services.monitor.StorageFactoryService.access$400(Unknown Source)
	at org.apache.derby.impl.services.monitor.StorageFactoryService$12.run(Unknown Source)
	at org.apache.derby.impl.services.monitor.StorageFactoryService$12.run(Unknown Source)
	at java.security.AccessController.doPrivileged(Native Method)
	at org.apache.derby.impl.services.monitor.StorageFactoryService.getCanonicalServiceName(Unknown Source)
	at org.apache.derby.impl.services.monitor.BaseMonitor.findProviderAndStartService(Unknown Source)
	at org.apache.derby.impl.services.monitor.BaseMonitor.startPersistentService(Unknown Source)
	at org.apache.derby.iapi.services.monitor.Monitor.startPersistentService(Unknown Source)
	at org.apache.derby.impl.jdbc.EmbedConnection$4.run(Unknown Source)
	at org.apache.derby.impl.jdbc.EmbedConnection$4.run(Unknown Source)
	at java.security.AccessController.doPrivileged(Native Method)
	at org.apache.derby.impl.jdbc.EmbedConnection.startPersistentService(Unknown Source)
	... 15 more
============= begin nested exception, level (1) ===========
java.sql.SQLException: Java exception: 'Invalid argument: java.io.IOException'.
	at org.apache.derby.impl.jdbc.SQLExceptionFactory.getSQLException(Unknown Source)
	at org.apache.derby.impl.jdbc.SQLExceptionFactory.getSQLException(Unknown Source)
	at org.apache.derby.impl.jdbc.Util.seeNextException(Unknown Source)
	at org.apache.derby.impl.jdbc.Util.javaException(Unknown Source)
	at org.apache.derby.impl.jdbc.EmbedConnection.bootDatabase(Unknown Source)
	at org.apache.derby.impl.jdbc.EmbedConnection.<init>(Unknown Source)
	at org.apache.derby.jdbc.InternalDriver$1.run(Unknown Source)
	at org.apache.derby.jdbc.InternalDriver$1.run(Unknown Source)
	at java.security.AccessController.doPrivileged(Native Method)
	at org.apache.derby.jdbc.InternalDriver.getNewEmbedConnection(Unknown Source)
	at org.apache.derby.jdbc.InternalDriver.connect(Unknown Source)
	at org.apache.derby.jdbc.InternalDriver.connect(Unknown Source)
	at org.apache.derby.jdbc.AutoloadedDriver.connect(Unknown Source)
	at java.sql.DriverManager.getConnection(DriverManager.java:664)
	at java.sql.DriverManager.getConnection(DriverManager.java:270)
	at com.ytjtool.db.DerbyDAOFactory.createConnection(DerbyDAOFactory.java:35)
	at com.ytjtool.db.DerbyCompanyDAO.removeAll(DerbyCompanyDAO.java:284)
	at com.ytjtool.control.YTJTool.findCompanyDetails(YTJTool.java:28)
	at com.ytjtool.control.YTJTool.main(YTJTool.java:21)
Caused by: ERROR XJ001: Java exception: 'Invalid argument: java.io.IOException'.
	at org.apache.derby.iapi.error.StandardException.newException(Unknown Source)
	at org.apache.derby.impl.jdbc.SQLExceptionFactory.wrapArgsForTransportAcrossDRDA(Unknown Source)
	... 19 more
Caused by: java.io.IOException: Invalid argument
	at java.io.WinNTFileSystem.canonicalize0(Native Method)
	at java.io.WinNTFileSystem.canonicalize(WinNTFileSystem.java:428)
	at java.io.File.getCanonicalPath(File.java:618)
	at org.apache.derby.impl.io.DirStorageFactory.doInit(Unknown Source)
	at org.apache.derby.impl.io.BaseStorageFactory.init(Unknown Source)
	at org.apache.derby.impl.io.DirStorageFactory.init(Unknown Source)
	at org.apache.derby.impl.services.monitor.StorageFactoryService.privGetStorageFactoryInstance(Unknown Source)
	at org.apache.derby.impl.services.monitor.StorageFactoryService.access$400(Unknown Source)
	at org.apache.derby.impl.services.monitor.StorageFactoryService$12.run(Unknown Source)
	at org.apache.derby.impl.services.monitor.StorageFactoryService$12.run(Unknown Source)
	at java.security.AccessController.doPrivileged(Native Method)
	at org.apache.derby.impl.services.monitor.StorageFactoryService.getCanonicalServiceName(Unknown Source)
	at org.apache.derby.impl.services.monitor.BaseMonitor.findProviderAndStartService(Unknown Source)
	at org.apache.derby.impl.services.monitor.BaseMonitor.startPersistentService(Unknown Source)
	at org.apache.derby.iapi.services.monitor.Monitor.startPersistentService(Unknown Source)
	at org.apache.derby.impl.jdbc.EmbedConnection$4.run(Unknown Source)
	at org.apache.derby.impl.jdbc.EmbedConnection$4.run(Unknown Source)
	at java.security.AccessController.doPrivileged(Native Method)
	at org.apache.derby.impl.jdbc.EmbedConnection.startPersistentService(Unknown Source)
	... 15 more
============= end nested exception, level (1) ===========
============= begin nested exception, level (2) ===========
ERROR XJ001: Java exception: 'Invalid argument: java.io.IOException'.
	at org.apache.derby.iapi.error.StandardException.newException(Unknown Source)
	at org.apache.derby.impl.jdbc.SQLExceptionFactory.wrapArgsForTransportAcrossDRDA(Unknown Source)
	at org.apache.derby.impl.jdbc.SQLExceptionFactory.getSQLException(Unknown Source)
	at org.apache.derby.impl.jdbc.SQLExceptionFactory.getSQLException(Unknown Source)
	at org.apache.derby.impl.jdbc.Util.seeNextException(Unknown Source)
	at org.apache.derby.impl.jdbc.Util.javaException(Unknown Source)
	at org.apache.derby.impl.jdbc.EmbedConnection.bootDatabase(Unknown Source)
	at org.apache.derby.impl.jdbc.EmbedConnection.<init>(Unknown Source)
	at org.apache.derby.jdbc.InternalDriver$1.run(Unknown Source)
	at org.apache.derby.jdbc.InternalDriver$1.run(Unknown Source)
	at java.security.AccessController.doPrivileged(Native Method)
	at org.apache.derby.jdbc.InternalDriver.getNewEmbedConnection(Unknown Source)
	at org.apache.derby.jdbc.InternalDriver.connect(Unknown Source)
	at org.apache.derby.jdbc.InternalDriver.connect(Unknown Source)
	at org.apache.derby.jdbc.AutoloadedDriver.connect(Unknown Source)
	at java.sql.DriverManager.getConnection(DriverManager.java:664)
	at java.sql.DriverManager.getConnection(DriverManager.java:270)
	at com.ytjtool.db.DerbyDAOFactory.createConnection(DerbyDAOFactory.java:35)
	at com.ytjtool.db.DerbyCompanyDAO.removeAll(DerbyCompanyDAO.java:284)
	at com.ytjtool.control.YTJTool.findCompanyDetails(YTJTool.java:28)
	at com.ytjtool.control.YTJTool.main(YTJTool.java:21)
Caused by: java.io.IOException: Invalid argument
	at java.io.WinNTFileSystem.canonicalize0(Native Method)
	at java.io.WinNTFileSystem.canonicalize(WinNTFileSystem.java:428)
	at java.io.File.getCanonicalPath(File.java:618)
	at org.apache.derby.impl.io.DirStorageFactory.doInit(Unknown Source)
	at org.apache.derby.impl.io.BaseStorageFactory.init(Unknown Source)
	at org.apache.derby.impl.io.DirStorageFactory.init(Unknown Source)
	at org.apache.derby.impl.services.monitor.StorageFactoryService.privGetStorageFactoryInstance(Unknown Source)
	at org.apache.derby.impl.services.monitor.StorageFactoryService.access$400(Unknown Source)
	at org.apache.derby.impl.services.monitor.StorageFactoryService$12.run(Unknown Source)
	at org.apache.derby.impl.services.monitor.StorageFactoryService$12.run(Unknown Source)
	at java.security.AccessController.doPrivileged(Native Method)
	at org.apache.derby.impl.services.monitor.StorageFactoryService.getCanonicalServiceName(Unknown Source)
	at org.apache.derby.impl.services.monitor.BaseMonitor.findProviderAndStartService(Unknown Source)
	at org.apache.derby.impl.services.monitor.BaseMonitor.startPersistentService(Unknown Source)
	at org.apache.derby.iapi.services.monitor.Monitor.startPersistentService(Unknown Source)
	at org.apache.derby.impl.jdbc.EmbedConnection$4.run(Unknown Source)
	at org.apache.derby.impl.jdbc.EmbedConnection$4.run(Unknown Source)
	at java.security.AccessController.doPrivileged(Native Method)
	at org.apache.derby.impl.jdbc.EmbedConnection.startPersistentService(Unknown Source)
	... 15 more
============= end nested exception, level (2) ===========
============= begin nested exception, level (3) ===========
java.io.IOException: Invalid argument
	at java.io.WinNTFileSystem.canonicalize0(Native Method)
	at java.io.WinNTFileSystem.canonicalize(WinNTFileSystem.java:428)
	at java.io.File.getCanonicalPath(File.java:618)
	at org.apache.derby.impl.io.DirStorageFactory.doInit(Unknown Source)
	at org.apache.derby.impl.io.BaseStorageFactory.init(Unknown Source)
	at org.apache.derby.impl.io.DirStorageFactory.init(Unknown Source)
	at org.apache.derby.impl.services.monitor.StorageFactoryService.privGetStorageFactoryInstance(Unknown Source)
	at org.apache.derby.impl.services.monitor.StorageFactoryService.access$400(Unknown Source)
	at org.apache.derby.impl.services.monitor.StorageFactoryService$12.run(Unknown Source)
	at org.apache.derby.impl.services.monitor.StorageFactoryService$12.run(Unknown Source)
	at java.security.AccessController.doPrivileged(Native Method)
	at org.apache.derby.impl.services.monitor.StorageFactoryService.getCanonicalServiceName(Unknown Source)
	at org.apache.derby.impl.services.monitor.BaseMonitor.findProviderAndStartService(Unknown Source)
	at org.apache.derby.impl.services.monitor.BaseMonitor.startPersistentService(Unknown Source)
	at org.apache.derby.iapi.services.monitor.Monitor.startPersistentService(Unknown Source)
	at org.apache.derby.impl.jdbc.EmbedConnection$4.run(Unknown Source)
	at org.apache.derby.impl.jdbc.EmbedConnection$4.run(Unknown Source)
	at java.security.AccessController.doPrivileged(Native Method)
	at org.apache.derby.impl.jdbc.EmbedConnection.startPersistentService(Unknown Source)
	at org.apache.derby.impl.jdbc.EmbedConnection.bootDatabase(Unknown Source)
	at org.apache.derby.impl.jdbc.EmbedConnection.<init>(Unknown Source)
	at org.apache.derby.jdbc.InternalDriver$1.run(Unknown Source)
	at org.apache.derby.jdbc.InternalDriver$1.run(Unknown Source)
	at java.security.AccessController.doPrivileged(Native Method)
	at org.apache.derby.jdbc.InternalDriver.getNewEmbedConnection(Unknown Source)
	at org.apache.derby.jdbc.InternalDriver.connect(Unknown Source)
	at org.apache.derby.jdbc.InternalDriver.connect(Unknown Source)
	at org.apache.derby.jdbc.AutoloadedDriver.connect(Unknown Source)
	at java.sql.DriverManager.getConnection(DriverManager.java:664)
	at java.sql.DriverManager.getConnection(DriverManager.java:270)
	at com.ytjtool.db.DerbyDAOFactory.createConnection(DerbyDAOFactory.java:35)
	at com.ytjtool.db.DerbyCompanyDAO.removeAll(DerbyCompanyDAO.java:284)
	at com.ytjtool.control.YTJTool.findCompanyDetails(YTJTool.java:28)
	at com.ytjtool.control.YTJTool.main(YTJTool.java:21)
============= end nested exception, level (3) ===========
Cleanup action completed
